#! /usr/bin/vvp
:ivl_version "12.0 (stable)";
:ivl_delay_selection "TYPICAL";
:vpi_time_precision + 0;
:vpi_module "/usr/lib/x86_64-linux-gnu/ivl/system.vpi";
:vpi_module "/usr/lib/x86_64-linux-gnu/ivl/vhdl_sys.vpi";
:vpi_module "/usr/lib/x86_64-linux-gnu/ivl/vhdl_textio.vpi";
:vpi_module "/usr/lib/x86_64-linux-gnu/ivl/v2005_math.vpi";
:vpi_module "/usr/lib/x86_64-linux-gnu/ivl/va_math.vpi";
:vpi_module "/usr/lib/x86_64-linux-gnu/ivl/v2009.vpi";
S_0x641c6dbeadd0 .scope package, "$unit" "$unit" 2 1;
 .timescale 0 0;
S_0x641c6dbeb9f0 .scope package, "riscv_pkg" "riscv_pkg" 3 6;
 .timescale 0 0;
P_0x641c6dbee7d0 .param/l "BYTE_WIDTH" 1 3 9, +C4<00000000000000000000000000001000>;
P_0x641c6dbee810 .param/l "CLASS_BRANCH" 1 3 41, C4<1100011>;
P_0x641c6dbee850 .param/l "CLASS_JAL" 1 3 42, C4<0100011>;
P_0x641c6dbee890 .param/l "CLASS_JALR" 1 3 43, C4<0100011>;
P_0x641c6dbee8d0 .param/l "CLASS_LOAD" 1 3 39, C4<0000011>;
P_0x641c6dbee910 .param/l "CLASS_OP" 1 3 38, C4<0110011>;
P_0x641c6dbee950 .param/l "CLASS_OP_IMM" 1 3 37, C4<0010011>;
P_0x641c6dbee990 .param/l "CLASS_STORE" 1 3 40, C4<0100011>;
P_0x641c6dbee9d0 .param/l "DEST_REG_LSB" 1 3 22, +C4<00000000000000000000000000000111>;
P_0x641c6dbeea10 .param/l "DEST_REG_MSB" 1 3 21, +C4<00000000000000000000000000001011>;
P_0x641c6dbeea50 .param/l "FUNCT3_LSB" 1 3 25, +C4<00000000000000000000000000001100>;
P_0x641c6dbeea90 .param/l "FUNCT3_MSB" 1 3 24, +C4<00000000000000000000000000001110>;
P_0x641c6dbeead0 .param/l "FUNCT7_LSB" 1 3 34, +C4<00000000000000000000000000011001>;
P_0x641c6dbeeb10 .param/l "FUNCT7_MSB" 1 3 33, +C4<00000000000000000000000000011111>;
P_0x641c6dbeeb50 .param/l "INSTRUCTION_BYTES" 1 3 11, +C4<00000000000000000000000000000100>;
P_0x641c6dbeeb90 .param/l "INSTRUCTION_WIDTH" 1 3 10, +C4<00000000000000000000000000100000>;
P_0x641c6dbeebd0 .param/l "OPCODE_FIELD_WIDTH" 1 3 15, +C4<00000000000000000000000000000111>;
P_0x641c6dbeec10 .param/l "OPCODE_LSB" 1 3 19, +C4<00000000000000000000000000000000>;
P_0x641c6dbeec50 .param/l "OPCODE_MSB" 1 3 18, +C4<00000000000000000000000000000110>;
P_0x641c6dbeec90 .param/l "RA" 1 3 47, +C4<00000000000000000000000000000001>;
P_0x641c6dbeecd0 .param/l "REGISTER_COUNT" 1 3 12, +C4<00000000000000000000000000100000>;
P_0x641c6dbeed10 .param/l "REGISTER_INDEX_WIDTH" 1 3 16, +C4<00000000000000000000000000000101>;
P_0x641c6dbeed50 .param/l "SP" 1 3 48, +C4<00000000000000000000000000000010>;
P_0x641c6dbeed90 .param/l "SRC_REG1_LSB" 1 3 28, +C4<00000000000000000000000000001111>;
P_0x641c6dbeedd0 .param/l "SRC_REG1_MSB" 1 3 27, +C4<00000000000000000000000000010011>;
P_0x641c6dbeee10 .param/l "SRC_REG2_LSB" 1 3 31, +C4<00000000000000000000000000010100>;
P_0x641c6dbeee50 .param/l "SRC_REG2_MSB" 1 3 30, +C4<00000000000000000000000000011000>;
P_0x641c6dbeee90 .param/l "X0" 1 3 46, +C4<00000000000000000000000000000000>;
S_0x641c6dbec770 .scope module, "tb_top" "tb_top" 4 1;
 .timescale 0 0;
v0x641c6dc12010_0 .var "clk", 0 0;
v0x641c6dc120b0_0 .var "n_rst", 0 0;
S_0x641c6dbdefe0 .scope module, "dut" "top" 4 7, 5 11 0, S_0x641c6dbec770;
 .timescale 0 0;
    .port_info 0 /INPUT 1 "clk";
    .port_info 1 /INPUT 1 "n_rst";
P_0x641c6dbca4b0 .param/l "XLEN" 0 5 12, +C4<00000000000000000000000000100000>;
v0x641c6dc11820_0 .net "clk", 0 0, v0x641c6dc12010_0;  1 drivers
v0x641c6dc118c0_0 .net "instruction", 31 0, L_0x641c6dc12ef0;  1 drivers
v0x641c6dc119d0_0 .net "memory_address", 31 0, v0x641c6dc0ec30_0;  1 drivers
v0x641c6dc11ac0_0 .net "memory_read_data", 31 0, L_0x641c6dbed0a0;  1 drivers
v0x641c6dc11bd0_0 .net "memory_write_data", 31 0, v0x641c6dc0edf0_0;  1 drivers
v0x641c6dc11d30_0 .net "memory_write_enable", 0 0, v0x641c6dc0eed0_0;  1 drivers
v0x641c6dc11e20_0 .net "n_rst", 0 0, v0x641c6dc120b0_0;  1 drivers
v0x641c6dc11ec0_0 .net "program_counter", 31 0, v0x641c6dc0f050_0;  1 drivers
S_0x641c6dbdf1c0 .scope module, "cpu" "core" 5 28, 6 3 0, S_0x641c6dbdefe0;
 .timescale 0 0;
    .port_info 0 /INPUT 1 "clk";
    .port_info 1 /INPUT 1 "n_rst";
    .port_info 2 /OUTPUT 32 "program_counter";
    .port_info 3 /INPUT 32 "instruction";
    .port_info 4 /OUTPUT 1 "memory_write_enable";
    .port_info 5 /OUTPUT 32 "memory_address";
    .port_info 6 /OUTPUT 32 "memory_write_data";
    .port_info 7 /INPUT 32 "memory_read_data";
P_0x641c6dbe3880 .param/l "XLEN" 0 6 4, +C4<00000000000000000000000000100000>;
v0x641c6dc0da80_0 .net *"_ivl_10", 19 0, L_0x641c6dc125a0;  1 drivers
v0x641c6dc0db80_0 .net *"_ivl_13", 11 0, L_0x641c6dc12820;  1 drivers
v0x641c6dc0dc60_0 .net *"_ivl_17", 0 0, L_0x641c6dc12a00;  1 drivers
v0x641c6dc0dd20_0 .net *"_ivl_18", 19 0, L_0x641c6dc12aa0;  1 drivers
v0x641c6dc0de00_0 .net *"_ivl_21", 6 0, L_0x641c6dc12db0;  1 drivers
v0x641c6dc0df30_0 .net *"_ivl_23", 4 0, L_0x641c6dc12e50;  1 drivers
v0x641c6dc0e010_0 .net *"_ivl_27", 0 0, L_0x641c6dc130b0;  1 drivers
v0x641c6dc0e0f0_0 .net *"_ivl_28", 19 0, L_0x641c6dc131d0;  1 drivers
v0x641c6dc0e1d0_0 .net *"_ivl_31", 7 0, L_0x641c6dc13370;  1 drivers
v0x641c6dc0e2b0_0 .net *"_ivl_33", 0 0, L_0x641c6dc134a0;  1 drivers
v0x641c6dc0e390_0 .net *"_ivl_35", 9 0, L_0x641c6dc13540;  1 drivers
v0x641c6dc0e470_0 .net *"_ivl_36", 38 0, L_0x641c6dc136b0;  1 drivers
v0x641c6dc0e550_0 .net *"_ivl_9", 0 0, L_0x641c6dc12500;  1 drivers
v0x641c6dc0e630_0 .net "clk", 0 0, v0x641c6dc12010_0;  alias, 1 drivers
v0x641c6dc0e6f0_0 .net "destination_register_index", 4 0, L_0x641c6dc12260;  1 drivers
v0x641c6dc0e7d0_0 .net "immediate_i", 31 0, L_0x641c6dc128c0;  1 drivers
v0x641c6dc0e8b0_0 .net "immediate_j", 31 0, L_0x641c6dc138a0;  1 drivers
v0x641c6dc0e990_0 .net "immediate_s", 31 0, L_0x641c6dc12f60;  1 drivers
v0x641c6dc0ea70_0 .net "instruction", 31 0, L_0x641c6dc12ef0;  alias, 1 drivers
v0x641c6dc0eb50_0 .net "instruction_class", 6 0, L_0x641c6dc121c0;  1 drivers
v0x641c6dc0ec30_0 .var "memory_address", 31 0;
v0x641c6dc0ed10_0 .net "memory_read_data", 31 0, L_0x641c6dbed0a0;  alias, 1 drivers
v0x641c6dc0edf0_0 .var "memory_write_data", 31 0;
v0x641c6dc0eed0_0 .var "memory_write_enable", 0 0;
v0x641c6dc0ef90_0 .net "n_rst", 0 0, v0x641c6dc120b0_0;  alias, 1 drivers
v0x641c6dc0f050_0 .var "program_counter", 31 0;
v0x641c6dc0f130_0 .var "program_counter_next", 31 0;
v0x641c6dc0f210 .array "registers", 0 31, 31 0;
v0x641c6dc0f6d0 .array "registers_next", 0 31, 31 0;
v0x641c6dc0fca0_0 .net "source_register_1_index", 4 0, L_0x641c6dc12390;  1 drivers
v0x641c6dc0fd80_0 .net "source_register_2_index", 4 0, L_0x641c6dc12430;  1 drivers
E_0x641c6dbd3300 .event posedge, v0x641c6dc0e630_0;
v0x641c6dc0f210_0 .array/port v0x641c6dc0f210, 0;
v0x641c6dc0f210_1 .array/port v0x641c6dc0f210, 1;
v0x641c6dc0f210_2 .array/port v0x641c6dc0f210, 2;
E_0x641c6dbd4040/0 .event anyedge, v0x641c6dc0f050_0, v0x641c6dc0f210_0, v0x641c6dc0f210_1, v0x641c6dc0f210_2;
v0x641c6dc0f210_3 .array/port v0x641c6dc0f210, 3;
v0x641c6dc0f210_4 .array/port v0x641c6dc0f210, 4;
v0x641c6dc0f210_5 .array/port v0x641c6dc0f210, 5;
v0x641c6dc0f210_6 .array/port v0x641c6dc0f210, 6;
E_0x641c6dbd4040/1 .event anyedge, v0x641c6dc0f210_3, v0x641c6dc0f210_4, v0x641c6dc0f210_5, v0x641c6dc0f210_6;
v0x641c6dc0f210_7 .array/port v0x641c6dc0f210, 7;
v0x641c6dc0f210_8 .array/port v0x641c6dc0f210, 8;
v0x641c6dc0f210_9 .array/port v0x641c6dc0f210, 9;
v0x641c6dc0f210_10 .array/port v0x641c6dc0f210, 10;
E_0x641c6dbd4040/2 .event anyedge, v0x641c6dc0f210_7, v0x641c6dc0f210_8, v0x641c6dc0f210_9, v0x641c6dc0f210_10;
v0x641c6dc0f210_11 .array/port v0x641c6dc0f210, 11;
v0x641c6dc0f210_12 .array/port v0x641c6dc0f210, 12;
v0x641c6dc0f210_13 .array/port v0x641c6dc0f210, 13;
v0x641c6dc0f210_14 .array/port v0x641c6dc0f210, 14;
E_0x641c6dbd4040/3 .event anyedge, v0x641c6dc0f210_11, v0x641c6dc0f210_12, v0x641c6dc0f210_13, v0x641c6dc0f210_14;
v0x641c6dc0f210_15 .array/port v0x641c6dc0f210, 15;
v0x641c6dc0f210_16 .array/port v0x641c6dc0f210, 16;
v0x641c6dc0f210_17 .array/port v0x641c6dc0f210, 17;
v0x641c6dc0f210_18 .array/port v0x641c6dc0f210, 18;
E_0x641c6dbd4040/4 .event anyedge, v0x641c6dc0f210_15, v0x641c6dc0f210_16, v0x641c6dc0f210_17, v0x641c6dc0f210_18;
v0x641c6dc0f210_19 .array/port v0x641c6dc0f210, 19;
v0x641c6dc0f210_20 .array/port v0x641c6dc0f210, 20;
v0x641c6dc0f210_21 .array/port v0x641c6dc0f210, 21;
v0x641c6dc0f210_22 .array/port v0x641c6dc0f210, 22;
E_0x641c6dbd4040/5 .event anyedge, v0x641c6dc0f210_19, v0x641c6dc0f210_20, v0x641c6dc0f210_21, v0x641c6dc0f210_22;
v0x641c6dc0f210_23 .array/port v0x641c6dc0f210, 23;
v0x641c6dc0f210_24 .array/port v0x641c6dc0f210, 24;
v0x641c6dc0f210_25 .array/port v0x641c6dc0f210, 25;
v0x641c6dc0f210_26 .array/port v0x641c6dc0f210, 26;
E_0x641c6dbd4040/6 .event anyedge, v0x641c6dc0f210_23, v0x641c6dc0f210_24, v0x641c6dc0f210_25, v0x641c6dc0f210_26;
v0x641c6dc0f210_27 .array/port v0x641c6dc0f210, 27;
v0x641c6dc0f210_28 .array/port v0x641c6dc0f210, 28;
v0x641c6dc0f210_29 .array/port v0x641c6dc0f210, 29;
v0x641c6dc0f210_30 .array/port v0x641c6dc0f210, 30;
E_0x641c6dbd4040/7 .event anyedge, v0x641c6dc0f210_27, v0x641c6dc0f210_28, v0x641c6dc0f210_29, v0x641c6dc0f210_30;
v0x641c6dc0f210_31 .array/port v0x641c6dc0f210, 31;
E_0x641c6dbd4040/8 .event anyedge, v0x641c6dc0f210_31, v0x641c6dc0eb50_0, v0x641c6dc0fca0_0, v0x641c6dc0e7d0_0;
E_0x641c6dbd4040/9 .event anyedge, v0x641c6dc0e6f0_0, v0x641c6dc0e8b0_0, v0x641c6dc0e990_0, v0x641c6dc0fd80_0;
E_0x641c6dbd4040 .event/or E_0x641c6dbd4040/0, E_0x641c6dbd4040/1, E_0x641c6dbd4040/2, E_0x641c6dbd4040/3, E_0x641c6dbd4040/4, E_0x641c6dbd4040/5, E_0x641c6dbd4040/6, E_0x641c6dbd4040/7, E_0x641c6dbd4040/8, E_0x641c6dbd4040/9;
L_0x641c6dc121c0 .part L_0x641c6dc12ef0, 0, 7;
L_0x641c6dc12260 .part L_0x641c6dc12ef0, 7, 5;
L_0x641c6dc12390 .part L_0x641c6dc12ef0, 15, 5;
L_0x641c6dc12430 .part L_0x641c6dc12ef0, 20, 5;
L_0x641c6dc12500 .part L_0x641c6dc12ef0, 31, 1;
LS_0x641c6dc125a0_0_0 .concat [ 1 1 1 1], L_0x641c6dc12500, L_0x641c6dc12500, L_0x641c6dc12500, L_0x641c6dc12500;
LS_0x641c6dc125a0_0_4 .concat [ 1 1 1 1], L_0x641c6dc12500, L_0x641c6dc12500, L_0x641c6dc12500, L_0x641c6dc12500;
LS_0x641c6dc125a0_0_8 .concat [ 1 1 1 1], L_0x641c6dc12500, L_0x641c6dc12500, L_0x641c6dc12500, L_0x641c6dc12500;
LS_0x641c6dc125a0_0_12 .concat [ 1 1 1 1], L_0x641c6dc12500, L_0x641c6dc12500, L_0x641c6dc12500, L_0x641c6dc12500;
LS_0x641c6dc125a0_0_16 .concat [ 1 1 1 1], L_0x641c6dc12500, L_0x641c6dc12500, L_0x641c6dc12500, L_0x641c6dc12500;
LS_0x641c6dc125a0_1_0 .concat [ 4 4 4 4], LS_0x641c6dc125a0_0_0, LS_0x641c6dc125a0_0_4, LS_0x641c6dc125a0_0_8, LS_0x641c6dc125a0_0_12;
LS_0x641c6dc125a0_1_4 .concat [ 4 0 0 0], LS_0x641c6dc125a0_0_16;
L_0x641c6dc125a0 .concat [ 16 4 0 0], LS_0x641c6dc125a0_1_0, LS_0x641c6dc125a0_1_4;
L_0x641c6dc12820 .part L_0x641c6dc12ef0, 20, 12;
L_0x641c6dc128c0 .concat [ 12 20 0 0], L_0x641c6dc12820, L_0x641c6dc125a0;
L_0x641c6dc12a00 .part L_0x641c6dc12ef0, 31, 1;
LS_0x641c6dc12aa0_0_0 .concat [ 1 1 1 1], L_0x641c6dc12a00, L_0x641c6dc12a00, L_0x641c6dc12a00, L_0x641c6dc12a00;
LS_0x641c6dc12aa0_0_4 .concat [ 1 1 1 1], L_0x641c6dc12a00, L_0x641c6dc12a00, L_0x641c6dc12a00, L_0x641c6dc12a00;
LS_0x641c6dc12aa0_0_8 .concat [ 1 1 1 1], L_0x641c6dc12a00, L_0x641c6dc12a00, L_0x641c6dc12a00, L_0x641c6dc12a00;
LS_0x641c6dc12aa0_0_12 .concat [ 1 1 1 1], L_0x641c6dc12a00, L_0x641c6dc12a00, L_0x641c6dc12a00, L_0x641c6dc12a00;
LS_0x641c6dc12aa0_0_16 .concat [ 1 1 1 1], L_0x641c6dc12a00, L_0x641c6dc12a00, L_0x641c6dc12a00, L_0x641c6dc12a00;
LS_0x641c6dc12aa0_1_0 .concat [ 4 4 4 4], LS_0x641c6dc12aa0_0_0, LS_0x641c6dc12aa0_0_4, LS_0x641c6dc12aa0_0_8, LS_0x641c6dc12aa0_0_12;
LS_0x641c6dc12aa0_1_4 .concat [ 4 0 0 0], LS_0x641c6dc12aa0_0_16;
L_0x641c6dc12aa0 .concat [ 16 4 0 0], LS_0x641c6dc12aa0_1_0, LS_0x641c6dc12aa0_1_4;
L_0x641c6dc12db0 .part L_0x641c6dc12ef0, 25, 7;
L_0x641c6dc12e50 .part L_0x641c6dc12ef0, 7, 5;
L_0x641c6dc12f60 .concat [ 5 7 20 0], L_0x641c6dc12e50, L_0x641c6dc12db0, L_0x641c6dc12aa0;
L_0x641c6dc130b0 .part L_0x641c6dc12ef0, 31, 1;
LS_0x641c6dc131d0_0_0 .concat [ 1 1 1 1], L_0x641c6dc130b0, L_0x641c6dc130b0, L_0x641c6dc130b0, L_0x641c6dc130b0;
LS_0x641c6dc131d0_0_4 .concat [ 1 1 1 1], L_0x641c6dc130b0, L_0x641c6dc130b0, L_0x641c6dc130b0, L_0x641c6dc130b0;
LS_0x641c6dc131d0_0_8 .concat [ 1 1 1 1], L_0x641c6dc130b0, L_0x641c6dc130b0, L_0x641c6dc130b0, L_0x641c6dc130b0;
LS_0x641c6dc131d0_0_12 .concat [ 1 1 1 1], L_0x641c6dc130b0, L_0x641c6dc130b0, L_0x641c6dc130b0, L_0x641c6dc130b0;
LS_0x641c6dc131d0_0_16 .concat [ 1 1 1 1], L_0x641c6dc130b0, L_0x641c6dc130b0, L_0x641c6dc130b0, L_0x641c6dc130b0;
LS_0x641c6dc131d0_1_0 .concat [ 4 4 4 4], LS_0x641c6dc131d0_0_0, LS_0x641c6dc131d0_0_4, LS_0x641c6dc131d0_0_8, LS_0x641c6dc131d0_0_12;
LS_0x641c6dc131d0_1_4 .concat [ 4 0 0 0], LS_0x641c6dc131d0_0_16;
L_0x641c6dc131d0 .concat [ 16 4 0 0], LS_0x641c6dc131d0_1_0, LS_0x641c6dc131d0_1_4;
L_0x641c6dc13370 .part L_0x641c6dc12ef0, 12, 8;
L_0x641c6dc134a0 .part L_0x641c6dc12ef0, 20, 1;
L_0x641c6dc13540 .part L_0x641c6dc12ef0, 21, 10;
L_0x641c6dc136b0 .concat [ 10 1 8 20], L_0x641c6dc13540, L_0x641c6dc134a0, L_0x641c6dc13370, L_0x641c6dc131d0;
L_0x641c6dc138a0 .part L_0x641c6dc136b0, 0, 32;
S_0x641c6dbe31c0 .scope begin, "$ivl_for_loop0" "$ivl_for_loop0" 6 60, 6 60 0, S_0x641c6dbdf1c0;
 .timescale 0 0;
v0x641c6dbed1c0_0 .var/2s "i", 31 0;
S_0x641c6dc0d4e0 .scope begin, "$ivl_for_loop1" "$ivl_for_loop1" 6 99, 6 99 0, S_0x641c6dbdf1c0;
 .timescale 0 0;
v0x641c6dc0d6e0_0 .var/2s "i", 31 0;
S_0x641c6dc0d7c0 .scope begin, "$ivl_for_loop2" "$ivl_for_loop2" 6 104, 6 104 0, S_0x641c6dbdf1c0;
 .timescale 0 0;
v0x641c6dc0d9a0_0 .var/2s "i", 31 0;
S_0x641c6dc0ff60 .scope module, "ram" "data_ram" 5 49, 7 3 0, S_0x641c6dbdefe0;
 .timescale 0 0;
    .port_info 0 /INPUT 1 "clk";
    .port_info 1 /INPUT 1 "write_enable";
    .port_info 2 /INPUT 32 "address";
    .port_info 3 /INPUT 32 "write_data";
    .port_info 4 /OUTPUT 32 "read_data";
P_0x641c6dbed4b0 .param/l "DEPTH_WORDS" 0 7 5, +C4<00000000000000000000010000000000>;
P_0x641c6dbed4f0 .param/l "XLEN" 0 7 4, +C4<00000000000000000000000000100000>;
L_0x641c6dbed0a0 .functor BUFZ 32, L_0x641c6dc24020, C4<00000000000000000000000000000000>, C4<00000000000000000000000000000000>, C4<00000000000000000000000000000000>;
L_0x7ab4cbf570a8 .functor BUFT 1, C4<00000000000000000000000000000100>, C4<0>, C4<0>, C4<0>;
v0x641c6dc101b0_0 .net/2u *"_ivl_0", 31 0, L_0x7ab4cbf570a8;  1 drivers
L_0x7ab4cbf570f0 .functor BUFT 1, C4<00>, C4<0>, C4<0>, C4<0>;
v0x641c6dc10290_0 .net *"_ivl_11", 1 0, L_0x7ab4cbf570f0;  1 drivers
v0x641c6dc10370_0 .net *"_ivl_2", 31 0, L_0x641c6dc23e40;  1 drivers
v0x641c6dc10430_0 .net *"_ivl_6", 31 0, L_0x641c6dc24020;  1 drivers
v0x641c6dc10510_0 .net *"_ivl_8", 11 0, L_0x641c6dc240f0;  1 drivers
v0x641c6dc10640_0 .net "address", 31 0, v0x641c6dc0ec30_0;  alias, 1 drivers
v0x641c6dc10700_0 .net "clk", 0 0, v0x641c6dc12010_0;  alias, 1 drivers
v0x641c6dc107a0 .array "memory", 1023 0, 31 0;
v0x641c6dc10840_0 .net "read_data", 31 0, L_0x641c6dbed0a0;  alias, 1 drivers
v0x641c6dc10910_0 .net "word_address", 9 0, L_0x641c6dc23f30;  1 drivers
v0x641c6dc109d0_0 .net "write_data", 31 0, v0x641c6dc0edf0_0;  alias, 1 drivers
v0x641c6dc10ac0_0 .net "write_enable", 0 0, v0x641c6dc0eed0_0;  alias, 1 drivers
L_0x641c6dc23e40 .arith/div 32, v0x641c6dc0ec30_0, L_0x7ab4cbf570a8;
L_0x641c6dc23f30 .part L_0x641c6dc23e40, 0, 10;
L_0x641c6dc24020 .array/port v0x641c6dc107a0, L_0x641c6dc240f0;
L_0x641c6dc240f0 .concat [ 10 2 0 0], L_0x641c6dc23f30, L_0x7ab4cbf570f0;
S_0x641c6dc10c20 .scope module, "rom" "instruction_rom" 5 44, 8 3 0, S_0x641c6dbdefe0;
 .timescale 0 0;
    .port_info 0 /INPUT 32 "address";
    .port_info 1 /OUTPUT 32 "instruction";
P_0x641c6dc10db0 .param/l "DEPTH_WORDS" 0 8 5, +C4<00000000000000000000010000000000>;
P_0x641c6dc10df0 .param/l "XLEN" 0 8 4, +C4<00000000000000000000000000100000>;
L_0x641c6dc12ef0 .functor BUFZ 32, L_0x641c6dc23b90, C4<00000000000000000000000000000000>, C4<00000000000000000000000000000000>, C4<00000000000000000000000000000000>;
L_0x7ab4cbf57018 .functor BUFT 1, C4<00000000000000000000000000000100>, C4<0>, C4<0>, C4<0>;
v0x641c6dc10fd0_0 .net/2u *"_ivl_0", 31 0, L_0x7ab4cbf57018;  1 drivers
L_0x7ab4cbf57060 .functor BUFT 1, C4<00>, C4<0>, C4<0>, C4<0>;
v0x641c6dc110d0_0 .net *"_ivl_11", 1 0, L_0x7ab4cbf57060;  1 drivers
v0x641c6dc111b0_0 .net *"_ivl_2", 31 0, L_0x641c6dc13610;  1 drivers
v0x641c6dc112a0_0 .net *"_ivl_6", 31 0, L_0x641c6dc23b90;  1 drivers
v0x641c6dc11380_0 .net *"_ivl_8", 11 0, L_0x641c6dc23c30;  1 drivers
v0x641c6dc114b0_0 .net "address", 31 0, v0x641c6dc0f050_0;  alias, 1 drivers
v0x641c6dc11570_0 .net "instruction", 31 0, L_0x641c6dc12ef0;  alias, 1 drivers
v0x641c6dc11640 .array "memory", 1023 0, 31 0;
v0x641c6dc116e0_0 .net "word_address", 9 0, L_0x641c6dc23aa0;  1 drivers
L_0x641c6dc13610 .arith/div 32, v0x641c6dc0f050_0, L_0x7ab4cbf57018;
L_0x641c6dc23aa0 .part L_0x641c6dc13610, 0, 10;
L_0x641c6dc23b90 .array/port v0x641c6dc11640, L_0x641c6dc23c30;
L_0x641c6dc23c30 .concat [ 10 2 0 0], L_0x641c6dc23aa0, L_0x7ab4cbf57060;
    .scope S_0x641c6dbdf1c0;
T_0 ;
Ewait_0 .event/or E_0x641c6dbd4040, E_0x0;
    %wait Ewait_0;
    %load/vec4 v0x641c6dc0f050_0;
    %addi 4, 0, 32;
    %store/vec4 v0x641c6dc0f130_0, 0, 32;
    %fork t_1, S_0x641c6dbe31c0;
    %jmp t_0;
    .scope S_0x641c6dbe31c0;
t_1 ;
    %pushi/vec4 0, 0, 32;
    %store/vec4 v0x641c6dbed1c0_0, 0, 32;
T_0.0 ;
    %load/vec4 v0x641c6dbed1c0_0;
    %cmpi/s 32, 0, 32;
    %jmp/0xz T_0.1, 5;
    %ix/getv/s 4, v0x641c6dbed1c0_0;
    %load/vec4a v0x641c6dc0f210, 4;
    %ix/getv/s 4, v0x641c6dbed1c0_0;
    %store/vec4a v0x641c6dc0f6d0, 4, 0;
    ; show_stmt_assign_vector: Get l-value for compressed += operand
    %load/vec4 v0x641c6dbed1c0_0;
    %pushi/vec4 1, 0, 32;
    %add;
    %cast2;
    %store/vec4 v0x641c6dbed1c0_0, 0, 32;
    %jmp T_0.0;
T_0.1 ;
    %end;
    .scope S_0x641c6dbdf1c0;
t_0 %join;
    %pushi/vec4 0, 0, 1;
    %store/vec4 v0x641c6dc0eed0_0, 0, 1;
    %pushi/vec4 0, 0, 32;
    %store/vec4 v0x641c6dc0ec30_0, 0, 32;
    %pushi/vec4 0, 0, 32;
    %store/vec4 v0x641c6dc0edf0_0, 0, 32;
    %load/vec4 v0x641c6dc0eb50_0;
    %dup/vec4;
    %pushi/vec4 19, 0, 7;
    %cmp/u;
    %jmp/1 T_0.2, 6;
    %dup/vec4;
    %pushi/vec4 35, 0, 7;
    %cmp/u;
    %jmp/1 T_0.3, 6;
    %dup/vec4;
    %pushi/vec4 35, 0, 7;
    %cmp/u;
    %jmp/1 T_0.4, 6;
    %jmp T_0.6;
T_0.2 ;
    %load/vec4 v0x641c6dc0fca0_0;
    %pad/u 7;
    %ix/vec4 4;
    %load/vec4a v0x641c6dc0f210, 4;
    %load/vec4 v0x641c6dc0e7d0_0;
    %add;
    %load/vec4 v0x641c6dc0e6f0_0;
    %pad/u 7;
    %ix/vec4 4;
    %store/vec4a v0x641c6dc0f6d0, 4, 0;
    %jmp T_0.6;
T_0.3 ;
    %load/vec4 v0x641c6dc0f050_0;
    %addi 4, 0, 32;
    %load/vec4 v0x641c6dc0e6f0_0;
    %pad/u 7;
    %ix/vec4 4;
    %store/vec4a v0x641c6dc0f6d0, 4, 0;
    %load/vec4 v0x641c6dc0f050_0;
    %load/vec4 v0x641c6dc0e8b0_0;
    %add;
    %store/vec4 v0x641c6dc0f130_0, 0, 32;
    %jmp T_0.6;
T_0.4 ;
    %pushi/vec4 1, 0, 1;
    %store/vec4 v0x641c6dc0eed0_0, 0, 1;
    %load/vec4 v0x641c6dc0fca0_0;
    %pad/u 7;
    %ix/vec4 4;
    %load/vec4a v0x641c6dc0f210, 4;
    %load/vec4 v0x641c6dc0e990_0;
    %add;
    %store/vec4 v0x641c6dc0ec30_0, 0, 32;
    %load/vec4 v0x641c6dc0fd80_0;
    %pad/u 7;
    %ix/vec4 4;
    %load/vec4a v0x641c6dc0f210, 4;
    %store/vec4 v0x641c6dc0edf0_0, 0, 32;
    %jmp T_0.6;
T_0.6 ;
    %pop/vec4 1;
    %pushi/vec4 0, 0, 32;
    %ix/load 4, 0, 0;
    %flag_set/imm 4, 0;
    %store/vec4a v0x641c6dc0f6d0, 4, 0;
    %jmp T_0;
    .thread T_0, $push;
    .scope S_0x641c6dbdf1c0;
T_1 ;
    %wait E_0x641c6dbd3300;
    %load/vec4 v0x641c6dc0ef90_0;
    %inv;
    %flag_set/vec4 8;
    %jmp/0xz  T_1.0, 8;
    %pushi/vec4 0, 0, 32;
    %assign/vec4 v0x641c6dc0f050_0, 0;
    %fork t_3, S_0x641c6dc0d4e0;
    %jmp t_2;
    .scope S_0x641c6dc0d4e0;
t_3 ;
    %pushi/vec4 0, 0, 32;
    %store/vec4 v0x641c6dc0d6e0_0, 0, 32;
T_1.2 ;
    %load/vec4 v0x641c6dc0d6e0_0;
    %cmpi/s 32, 0, 32;
    %jmp/0xz T_1.3, 5;
    %pushi/vec4 0, 0, 32;
    %ix/getv/s 3, v0x641c6dc0d6e0_0;
    %ix/load 4, 0, 0; Constant delay
    %assign/vec4/a/d v0x641c6dc0f210, 0, 4;
    ; show_stmt_assign_vector: Get l-value for compressed += operand
    %load/vec4 v0x641c6dc0d6e0_0;
    %pushi/vec4 1, 0, 32;
    %add;
    %cast2;
    %store/vec4 v0x641c6dc0d6e0_0, 0, 32;
    %jmp T_1.2;
T_1.3 ;
    %end;
    .scope S_0x641c6dbdf1c0;
t_2 %join;
    %jmp T_1.1;
T_1.0 ;
    %load/vec4 v0x641c6dc0f130_0;
    %assign/vec4 v0x641c6dc0f050_0, 0;
    %fork t_5, S_0x641c6dc0d7c0;
    %jmp t_4;
    .scope S_0x641c6dc0d7c0;
t_5 ;
    %pushi/vec4 0, 0, 32;
    %store/vec4 v0x641c6dc0d9a0_0, 0, 32;
T_1.4 ;
    %load/vec4 v0x641c6dc0d9a0_0;
    %cmpi/s 32, 0, 32;
    %jmp/0xz T_1.5, 5;
    %ix/getv/s 4, v0x641c6dc0d9a0_0;
    %load/vec4a v0x641c6dc0f210, 4;
    %ix/getv/s 3, v0x641c6dc0d9a0_0;
    %ix/load 4, 0, 0; Constant delay
    %assign/vec4/a/d v0x641c6dc0f6d0, 0, 4;
    ; show_stmt_assign_vector: Get l-value for compressed += operand
    %load/vec4 v0x641c6dc0d9a0_0;
    %pushi/vec4 1, 0, 32;
    %add;
    %cast2;
    %store/vec4 v0x641c6dc0d9a0_0, 0, 32;
    %jmp T_1.4;
T_1.5 ;
    %end;
    .scope S_0x641c6dbdf1c0;
t_4 %join;
T_1.1 ;
    %jmp T_1;
    .thread T_1;
    .scope S_0x641c6dc10c20;
T_2 ;
    %vpi_call/w 8 27 "$readmemh", "main.hex", v0x641c6dc11640 {0 0 0};
    %end;
    .thread T_2;
    .scope S_0x641c6dc0ff60;
T_3 ;
    %wait E_0x641c6dbd3300;
    %load/vec4 v0x641c6dc10ac0_0;
    %flag_set/vec4 8;
    %jmp/0xz  T_3.0, 8;
    %load/vec4 v0x641c6dc109d0_0;
    %load/vec4 v0x641c6dc10910_0;
    %pad/u 12;
    %ix/vec4 3;
    %ix/load 4, 0, 0; Constant delay
    %assign/vec4/a/d v0x641c6dc107a0, 0, 4;
    %jmp T_3.1;
T_3.0 ;
    %load/vec4 v0x641c6dc10910_0;
    %pad/u 12;
    %ix/vec4 4;
    %load/vec4a v0x641c6dc107a0, 4;
    %load/vec4 v0x641c6dc10910_0;
    %pad/u 12;
    %ix/vec4 3;
    %ix/load 4, 0, 0; Constant delay
    %assign/vec4/a/d v0x641c6dc107a0, 0, 4;
T_3.1 ;
    %jmp T_3;
    .thread T_3;
    .scope S_0x641c6dbec770;
T_4 ;
    %pushi/vec4 0, 0, 1;
    %store/vec4 v0x641c6dc12010_0, 0, 1;
T_4.0 ;
    %delay 5, 0;
    %load/vec4 v0x641c6dc12010_0;
    %inv;
    %store/vec4 v0x641c6dc12010_0, 0, 1;
    %jmp T_4.0;
    %end;
    .thread T_4;
    .scope S_0x641c6dbec770;
T_5 ;
    %pushi/vec4 0, 0, 1;
    %store/vec4 v0x641c6dc120b0_0, 0, 1;
    %delay 20, 0;
    %pushi/vec4 1, 0, 1;
    %store/vec4 v0x641c6dc120b0_0, 0, 1;
    %end;
    .thread T_5;
    .scope S_0x641c6dbec770;
T_6 ;
    %vpi_call/w 4 34 "$dumpfile", "wave.vcd" {0 0 0};
    %vpi_call/w 4 35 "$dumpvars", 32'sb00000000000000000000000000000000, S_0x641c6dbdefe0 {0 0 0};
    %delay 1000, 0;
    %vpi_call/w 4 40 "$finish" {0 0 0};
    %end;
    .thread T_6;
# The file index is used to find the file name in the following table.
:file_names 9;
    "N/A";
    "<interactive>";
    "-";
    "rtl/riscv_pkg.sv";
    "sim/tb_top.sv";
    "rtl/top.sv";
    "rtl/core/core.sv";
    "rtl/memory/data_ram.sv";
    "rtl/memory/instruction_rom.sv";
